<?xml version="1.0" encoding="UTF-8"?>
<!-- Generated by org.testng.reporters.JUnitReportReporter -->
<testsuite ignored="2" hostname="LAPTOP-T9VL9J16" failures="0" tests="1" name="com.sevenrmartsupermarket.tests.ManageNewsTest" time="4.819" errors="0" timestamp="20 Jan 2025 09:04:21 GMT" skipped="0">
  <testcase classname="com.sevenrmartsupermarket.tests.ManageNewsTest" name="verifyNewsEditInTable" time="4.819"/>
  <testcase classname="com.sevenrmartsupermarket.tests.ManageNewsTest" name="verifyNewsDeleteFromTable">
    <skipped/>
  </testcase> <!-- verifyNewsDeleteFromTable -->
  <testcase classname="com.sevenrmartsupermarket.tests.ManageNewsTest" name="verifyNewNewsInput">
    <skipped/>
  </testcase> <!-- verifyNewNewsInput -->
</testsuite> <!-- com.sevenrmartsupermarket.tests.ManageNewsTest -->
