<?xml version="1.0" encoding="UTF-8"?>
<!-- Generated by org.testng.reporters.JUnitReportReporter -->
<testsuite ignored="0" hostname="LAPTOP-T9VL9J16" failures="0" tests="1" name="com.sevenrmartsupermarket.tests.ContactUsTest" time="6.051" errors="0" timestamp="20 Jan 2025 09:59:21 GMT" skipped="0">
  <testcase classname="com.sevenrmartsupermarket.tests.ContactUsTest" name="verifyContactEdit" time="6.051"/>
</testsuite> <!-- com.sevenrmartsupermarket.tests.ContactUsTest -->
