<?xml version="1.0" encoding="UTF-8"?>
<!-- Generated by org.testng.reporters.JUnitReportReporter -->
<testsuite ignored="0" hostname="LAPTOP-T9VL9J16" failures="0" tests="6" name="com.sevenrmartsupermarket.tests.AdminUsersTest" time="21.842" errors="0" timestamp="15 Jan 2025 06:43:28 GMT" skipped="0">
  <testcase classname="com.sevenrmartsupermarket.tests.AdminUsersTest" name="verifyNewUserCreationAlert" time="3.310"/>
  <testcase classname="com.sevenrmartsupermarket.tests.AdminUsersTest" name="verifyUserDeleteAlert" time="3.403"/>
  <testcase classname="com.sevenrmartsupermarket.tests.AdminUsersTest" name="verifyNewUserCreationAlert" time="3.486"/>
  <testcase classname="com.sevenrmartsupermarket.tests.AdminUsersTest" name="verifyUserDeleteAlert" time="3.402"/>
  <testcase classname="com.sevenrmartsupermarket.tests.AdminUsersTest" name="verifyUserDeleteAlert" time="3.507"/>
  <testcase classname="com.sevenrmartsupermarket.tests.AdminUsersTest" name="verifyNewUserCreationAlert" time="4.734"/>
</testsuite> <!-- com.sevenrmartsupermarket.tests.AdminUsersTest -->
