<?xml version="1.0" encoding="UTF-8"?>
<!-- Generated by org.testng.reporters.JUnitReportReporter -->
<testsuite ignored="0" hostname="LAPTOP-T9VL9J16" failures="0" tests="1" name="com.sevenrmartsupermarket.tests.ManageNewsTest" time="8.512" errors="0" timestamp="16 Jan 2025 06:31:02 GMT" skipped="0">
  <testcase classname="com.sevenrmartsupermarket.tests.ManageNewsTest" name="verifyNewNewsInput" time="8.512"/>
</testsuite> <!-- com.sevenrmartsupermarket.tests.ManageNewsTest -->
