<?xml version="1.0" encoding="UTF-8"?>
<!-- Generated by org.testng.reporters.JUnitReportReporter -->
<testsuite ignored="2" hostname="LAPTOP-T9VL9J16" failures="0" tests="4" name="com.sevenrmartsupermarket.tests.AdminUsersTest" time="18.538" errors="0" timestamp="16 Jan 2025 15:20:19 GMT" skipped="0">
  <testcase classname="com.sevenrmartsupermarket.tests.AdminUsersTest" name="verifyNewUserCreationAlert" time="4.212"/>
  <testcase classname="com.sevenrmartsupermarket.tests.AdminUsersTest" name="verifyNewUserCreationAlert" time="4.269"/>
  <testcase classname="com.sevenrmartsupermarket.tests.AdminUsersTest" name="verifyNewUserCreationAlert" time="5.776"/>
  <testcase classname="com.sevenrmartsupermarket.tests.AdminUsersTest" name="verifyNewUserCreationAlert" time="4.281"/>
  <testcase classname="com.sevenrmartsupermarket.tests.AdminUsersTest" name="verifyUserDeleteAlert">
    <skipped/>
  </testcase> <!-- verifyUserDeleteAlert -->
  <testcase classname="com.sevenrmartsupermarket.tests.AdminUsersTest" name="verifyAdminUserCreation">
    <skipped/>
  </testcase> <!-- verifyAdminUserCreation -->
</testsuite> <!-- com.sevenrmartsupermarket.tests.AdminUsersTest -->
