<?xml version="1.0" encoding="UTF-8"?>
<!-- Generated by org.testng.reporters.JUnitReportReporter -->
<testsuite ignored="5" hostname="LAPTOP-T9VL9J16" failures="0" tests="5" name="com.sevenrmartsupermarket.tests.LoginTest" time="10.200" errors="0" timestamp="16 Jan 2025 06:32:24 GMT" skipped="0">
  <testcase classname="com.sevenrmartsupermarket.tests.LoginTest" name="verifyRememberMeCheckBoxIsEnabled" time="1.792"/>
  <testcase classname="com.sevenrmartsupermarket.tests.LoginTest" name="verifySignInButtonIsDisplayed" time="1.730"/>
  <testcase classname="com.sevenrmartsupermarket.tests.LoginTest" name="verifySignInButtonIsEnabled" time="1.647"/>
  <testcase classname="com.sevenrmartsupermarket.tests.LoginTest" name="verifyLoginOptionsAreAvailable" time="1.850"/>
  <testcase classname="com.sevenrmartsupermarket.tests.LoginTest" name="verifyRememberMeCheckBoxIsDisplayed" time="3.181"/>
  <testcase classname="com.sevenrmartsupermarket.tests.ManageNewsTest" name="verifyNewNewsInput">
    <skipped/>
  </testcase> <!-- verifyNewNewsInput -->
  <testcase classname="com.sevenrmartsupermarket.tests.LoginTest" name="verifyInvalidUserNameAlert">
    <skipped/>
  </testcase> <!-- verifyInvalidUserNameAlert -->
  <testcase classname="com.sevenrmartsupermarket.tests.LoginTest" name="verifyInvalidPasswordAlert">
    <skipped/>
  </testcase> <!-- verifyInvalidPasswordAlert -->
  <testcase classname="com.sevenrmartsupermarket.tests.LoginTest" name="verifyAdminLogin">
    <skipped/>
  </testcase> <!-- verifyAdminLogin -->
  <testcase classname="com.sevenrmartsupermarket.tests.HomeTest" name="verifyUserLogout">
    <skipped/>
  </testcase> <!-- verifyUserLogout -->
</testsuite> <!-- com.sevenrmartsupermarket.tests.LoginTest -->
