<?xml version="1.0" encoding="UTF-8"?>
<!-- Generated by org.testng.reporters.JUnitReportReporter -->
<testsuite ignored="0" hostname="LAPTOP-T9VL9J16" failures="0" tests="1" name="com.sevenrmartsupermarket.tests.HomeTest" time="3.402" errors="0" timestamp="16 Jan 2025 07:01:11 GMT" skipped="0">
  <testcase classname="com.sevenrmartsupermarket.tests.HomeTest" name="verifyUserLogout" time="3.402"/>
</testsuite> <!-- com.sevenrmartsupermarket.tests.HomeTest -->
