<?xml version="1.0" encoding="UTF-8"?>
<!-- Generated by org.testng.reporters.JUnitReportReporter -->
<testsuite ignored="2" hostname="LAPTOP-T9VL9J16" failures="0" tests="1" name="com.sevenrmartsupermarket.tests.AdminUsersTest" time="5.532" errors="0" timestamp="17 Jan 2025 09:34:37 GMT" skipped="0">
  <testcase classname="com.sevenrmartsupermarket.tests.AdminUsersTest" name="verifyAdminUserCreation" time="5.532"/>
  <testcase classname="com.sevenrmartsupermarket.tests.AdminUsersTest" name="verifyNewUserCreationAlert">
    <skipped/>
  </testcase> <!-- verifyNewUserCreationAlert -->
  <testcase classname="com.sevenrmartsupermarket.tests.AdminUsersTest" name="verifyUserDeleteAlert">
    <skipped/>
  </testcase> <!-- verifyUserDeleteAlert -->
</testsuite> <!-- com.sevenrmartsupermarket.tests.AdminUsersTest -->
