<?xml version="1.0" encoding="UTF-8"?>
<!-- Generated by org.testng.reporters.JUnitReportReporter -->
<testsuite ignored="1" hostname="LAPTOP-T9VL9J16" failures="0" tests="1" name="com.sevenrmartsupermarket.tests.CategoryTest" time="16.012" errors="0" timestamp="20 Jan 2025 11:21:04 GMT" skipped="0">
  <testcase classname="com.sevenrmartsupermarket.tests.CategoryTest" name="verifyNewCategoryEntry" time="16.012"/>
  <testcase classname="com.sevenrmartsupermarket.tests.CategoryTest" name="verifyCategoryDeleteFromTable">
    <skipped/>
  </testcase> <!-- verifyCategoryDeleteFromTable -->
</testsuite> <!-- com.sevenrmartsupermarket.tests.CategoryTest -->
